Using pre-set license
Built from '2021.3/staging' branch; Version is '2021.3.26f1 (a16dc32e0ff2) revision 10579395'; Using compiler version '192829333'; Build Type 'Release'
OS: 'Windows 10  (10.0.19045) 64bit Enterprise' Language: 'es' Physical Memory: 12222 MB
BatchMode: 1, IsHumanControllingUs: 0, StartBugReporterOnCrash: 0, Is64bit: 1, IsPro: 1

COMMAND LINE ARGUMENTS:
C:\Program Files\Unity\Hub\Editor\2021.3.26f1\Editor\Unity.exe
-adb2
-batchMode
-noUpm
-name
AssetImportWorker3
-projectPath
D:/YoBrunox/Palabras/palabras-juego
-logFile
Logs/AssetImportWorker3.log
-srvPort
52798
Successfully changed project path to: D:/YoBrunox/Palabras/palabras-juego
D:/YoBrunox/Palabras/palabras-juego
[UnityMemory] Configuration Parameters - Can be set up in boot.config
    "memorysetup-bucket-allocator-granularity=16"
    "memorysetup-bucket-allocator-bucket-count=8"
    "memorysetup-bucket-allocator-block-size=33554432"
    "memorysetup-bucket-allocator-block-count=8"
    "memorysetup-main-allocator-block-size=16777216"
    "memorysetup-thread-allocator-block-size=16777216"
    "memorysetup-gfx-main-allocator-block-size=16777216"
    "memorysetup-gfx-thread-allocator-block-size=16777216"
    "memorysetup-cache-allocator-block-size=4194304"
    "memorysetup-typetree-allocator-block-size=2097152"
    "memorysetup-profiler-bucket-allocator-granularity=16"
    "memorysetup-profiler-bucket-allocator-bucket-count=8"
    "memorysetup-profiler-bucket-allocator-block-size=33554432"
    "memorysetup-profiler-bucket-allocator-block-count=8"
    "memorysetup-profiler-allocator-block-size=16777216"
    "memorysetup-profiler-editor-allocator-block-size=1048576"
    "memorysetup-temp-allocator-size-main=16777216"
    "memorysetup-job-temp-allocator-block-size=2097152"
    "memorysetup-job-temp-allocator-block-size-background=1048576"
    "memorysetup-job-temp-allocator-reduction-small-platforms=262144"
    "memorysetup-temp-allocator-size-background-worker=32768"
    "memorysetup-temp-allocator-size-job-worker=262144"
    "memorysetup-temp-allocator-size-preload-manager=33554432"
    "memorysetup-temp-allocator-size-nav-mesh-worker=65536"
    "memorysetup-temp-allocator-size-audio-worker=65536"
    "memorysetup-temp-allocator-size-cloud-worker=32768"
    "memorysetup-temp-allocator-size-gi-baking-worker=262144"
    "memorysetup-temp-allocator-size-gfx=262144"
Player connection [11944] Host "[IP] 192.168.1.5 [Port] 0 [Flags] 2 [Guid] 874505011 [EditorId] 874505011 [Version] 1048832 [Id] WindowsEditor(7,DESKTOP-MFFVEI8) [Debug] 1 [PackageName] WindowsEditor [ProjectName] Editor" joined multi-casting on [225.0.0.222:54997]...

Player connection [11944] Host "[IP] 192.168.1.5 [Port] 0 [Flags] 2 [Guid] 874505011 [EditorId] 874505011 [Version] 1048832 [Id] WindowsEditor(7,DESKTOP-MFFVEI8) [Debug] 1 [PackageName] WindowsEditor [ProjectName] Editor" joined alternative multi-casting on [225.0.0.222:34997]...

Refreshing native plugins compatible for Editor in 146.62 ms, found 4 plugins.
Preloading 0 native plugins for Editor in 0.00 ms.
Initialize engine version: 2021.3.26f1 (a16dc32e0ff2)
[Subsystems] Discovering subsystems at path C:/Program Files/Unity/Hub/Editor/2021.3.26f1/Editor/Data/Resources/UnitySubsystems
[Subsystems] Discovering subsystems at path D:/YoBrunox/Palabras/palabras-juego/Assets
GfxDevice: creating device client; threaded=0; jobified=0
Direct3D:
    Version:  Direct3D 11.0 [level 11.1]
    Renderer: NVIDIA GeForce GTX 1050 Ti (ID=0x1c82)
    Vendor:   NVIDIA
    VRAM:     4019 MB
    Driver:   31.0.15.1694
Initialize mono
Mono path[0] = 'C:/Program Files/Unity/Hub/Editor/2021.3.26f1/Editor/Data/Managed'
Mono path[1] = 'C:/Program Files/Unity/Hub/Editor/2021.3.26f1/Editor/Data/MonoBleedingEdge/lib/mono/unityjit-win32'
Mono config path = 'C:/Program Files/Unity/Hub/Editor/2021.3.26f1/Editor/Data/MonoBleedingEdge/etc'
Using monoOptions --debugger-agent=transport=dt_socket,embedding=1,server=y,suspend=n,address=127.0.0.1:56600
Begin MonoManager ReloadAssembly
Registering precompiled unity dll's ...
Register platform support module: C:/Program Files/Unity/Hub/Editor/2021.3.26f1/Editor/Data/PlaybackEngines/WindowsStandaloneSupport/UnityEditor.WindowsStandalone.Extensions.dll
Registered in 0.011739 seconds.
Native extension for WindowsStandalone target not found
Refreshing native plugins compatible for Editor in 110.42 ms, found 4 plugins.
Preloading 0 native plugins for Editor in 0.00 ms.
Mono: successfully reloaded assembly
- Completed reload, in  0.910 seconds
Domain Reload Profiling:
	ReloadAssembly (910ms)
		BeginReloadAssembly (133ms)
			ExecutionOrderSort (0ms)
			DisableScriptedObjects (0ms)
			BackupInstance (0ms)
			ReleaseScriptingObjects (0ms)
			CreateAndSetChildDomain (1ms)
		EndReloadAssembly (617ms)
			LoadAssemblies (129ms)
			RebuildTransferFunctionScriptingTraits (0ms)
			SetupTypeCache (152ms)
			ReleaseScriptCaches (0ms)
			RebuildScriptCaches (37ms)
			SetupLoadedEditorAssemblies (351ms)
				LogAssemblyErrors (0ms)
				InitializePlatformSupportModulesInManaged (14ms)
				SetLoadedEditorAssemblies (0ms)
				RefreshPlugins (111ms)
				BeforeProcessingInitializeOnLoad (2ms)
				ProcessInitializeOnLoadAttributes (166ms)
				ProcessInitializeOnLoadMethodAttributes (58ms)
				AfterProcessingInitializeOnLoad (0ms)
				EditorAssembliesLoaded (0ms)
			ExecutionOrderSort2 (0ms)
			AwakeInstancesAfterBackupRestoration (0ms)
Platform modules already initialized, skipping
Registering precompiled user dll's ...
Registered in 0.005753 seconds.
Begin MonoManager ReloadAssembly
Symbol file LoadedFromMemory doesn't match image D:\YoBrunox\Palabras\palabras-juego\Library\PackageCache\com.unity.visualscripting@1.8.0\Editor\VisualScripting.Core\Dependencies\YamlDotNet\Unity.VisualScripting.YamlDotNet.dll
Symbol file LoadedFromMemory doesn't match image D:\YoBrunox\Palabras\palabras-juego\Library\PackageCache\com.unity.visualscripting@1.8.0\Editor\VisualScripting.Core\Dependencies\DotNetZip\Unity.VisualScripting.IonicZip.dll
Native extension for WindowsStandalone target not found
Refreshing native plugins compatible for Editor in 94.93 ms, found 4 plugins.
Preloading 0 native plugins for Editor in 0.00 ms.
Mono: successfully reloaded assembly
- Completed reload, in  1.358 seconds
Domain Reload Profiling:
	ReloadAssembly (1359ms)
		BeginReloadAssembly (157ms)
			ExecutionOrderSort (0ms)
			DisableScriptedObjects (7ms)
			BackupInstance (0ms)
			ReleaseScriptingObjects (0ms)
			CreateAndSetChildDomain (25ms)
		EndReloadAssembly (1056ms)
			LoadAssemblies (116ms)
			RebuildTransferFunctionScriptingTraits (0ms)
			SetupTypeCache (282ms)
			ReleaseScriptCaches (1ms)
			RebuildScriptCaches (66ms)
			SetupLoadedEditorAssemblies (554ms)
				LogAssemblyErrors (0ms)
				InitializePlatformSupportModulesInManaged (6ms)
				SetLoadedEditorAssemblies (0ms)
				RefreshPlugins (95ms)
				BeforeProcessingInitializeOnLoad (107ms)
				ProcessInitializeOnLoadAttributes (277ms)
				ProcessInitializeOnLoadMethodAttributes (54ms)
				AfterProcessingInitializeOnLoad (13ms)
				EditorAssembliesLoaded (2ms)
			ExecutionOrderSort2 (0ms)
			AwakeInstancesAfterBackupRestoration (7ms)
Platform modules already initialized, skipping
========================================================================
Worker process is ready to serve import requests
Launched and connected shader compiler UnityShaderCompiler.exe after 0.06 seconds
Refreshing native plugins compatible for Editor in 1.45 ms, found 4 plugins.
Preloading 0 native plugins for Editor in 0.00 ms.
Unloading 3734 Unused Serialized files (Serialized files now loaded: 0)
Unloading 35 unused Assets / (56.4 KB). Loaded Objects now: 4193.
Memory consumption went from 142.6 MB to 142.6 MB.
Total: 4.367400 ms (FindLiveObjects: 0.400700 ms CreateObjectMapping: 0.268000 ms MarkObjects: 3.600600 ms  DeleteObjects: 0.096300 ms)

AssetImportParameters requested are different than current active one (requested -> active):
  custom:video-decoder-ogg-theora: a1e56fd34408186e4bbccfd4996cb3dc -> 
  custom:container-muxer-webm: aa71ff27fc2769a1b78a27578f13a17b -> 
  custom:container-demuxer-webm: 4f35f7cbe854078d1ac9338744f61a02 -> 
  custom:video-encoder-webm-vp8: eb34c28f22e8b96e1ab97ce403110664 -> 
  custom:audio-encoder-webm-vorbis: bf7c407c2cedff20999df2af8eb42d56 -> 
  custom:framework-win-MediaFoundation: 216162199b28c13a410421893ffa2e32 -> 
  custom:container-demuxer-ogg: 62fdf1f143b41e24485cea50d1cbac27 -> 
  custom:video-decoder-webm-vp8: 9c59270c3fd7afecdb556c50c9e8de78 -> 
  custom:audio-decoder-ogg-vorbis: bf7c407c2cedff20999df2af8eb42d56 -> 
========================================================================
Received Import Request.
  Time since last request: 206179.939665 seconds.
  path: Assets/Pixel Adventure 1/Assets/Terrain/Terrain (16x16)_1.asset
  artifactKey: Guid(e90b1b54e2f4b6840a1a27a7e02cc0be) Importer(815301076,1909f56bfc062723c751e8b465ee728b)
Start importing Assets/Pixel Adventure 1/Assets/Terrain/Terrain (16x16)_1.asset using Guid(e90b1b54e2f4b6840a1a27a7e02cc0be) Importer(815301076,1909f56bfc062723c751e8b465ee728b)  -> (artifact id: '07f819f22d7eba3e86319f6c09c80d1e') in 0.215962 seconds 
========================================================================
Received Import Request.
  Time since last request: 0.000048 seconds.
  path: Assets/Pixel Adventure 1/Assets/Terrain/Terrain (16x16)_2.asset
  artifactKey: Guid(b9338c011a2ce7c40be0d6c5d8cdde43) Importer(815301076,1909f56bfc062723c751e8b465ee728b)
Start importing Assets/Pixel Adventure 1/Assets/Terrain/Terrain (16x16)_2.asset using Guid(b9338c011a2ce7c40be0d6c5d8cdde43) Importer(815301076,1909f56bfc062723c751e8b465ee728b)  -> (artifact id: 'ff6647500d838e2780dcced71176f0a6') in 0.019810 seconds 
========================================================================
Received Import Request.
  Time since last request: 0.000044 seconds.
  path: Assets/Pixel Adventure 1/Assets/Terrain/Terrain (16x16)_7.asset
  artifactKey: Guid(65cb53259767a8a4bb86dee325c47229) Importer(815301076,1909f56bfc062723c751e8b465ee728b)
Start importing Assets/Pixel Adventure 1/Assets/Terrain/Terrain (16x16)_7.asset using Guid(65cb53259767a8a4bb86dee325c47229) Importer(815301076,1909f56bfc062723c751e8b465ee728b)  -> (artifact id: '92c2969a861bbdf68f0eccf9588e1913') in 0.015419 seconds 
========================================================================
Received Import Request.
  Time since last request: 0.000035 seconds.
  path: Assets/Pixel Adventure 1/Assets/Terrain/Terrain (16x16)_19.asset
  artifactKey: Guid(bb08be73f05c7d84ba074769027eec2b) Importer(815301076,1909f56bfc062723c751e8b465ee728b)
Start importing Assets/Pixel Adventure 1/Assets/Terrain/Terrain (16x16)_19.asset using Guid(bb08be73f05c7d84ba074769027eec2b) Importer(815301076,1909f56bfc062723c751e8b465ee728b)  -> (artifact id: '5e88f8559de4ab70f00b1b29739f6512') in 0.016131 seconds 
========================================================================
Received Import Request.
  Time since last request: 0.000036 seconds.
  path: Assets/Pixel Adventure 1/Assets/Terrain/Terrain (16x16)_18.asset
  artifactKey: Guid(9f72189d3ea4a424683e460430b79cbc) Importer(815301076,1909f56bfc062723c751e8b465ee728b)
Start importing Assets/Pixel Adventure 1/Assets/Terrain/Terrain (16x16)_18.asset using Guid(9f72189d3ea4a424683e460430b79cbc) Importer(815301076,1909f56bfc062723c751e8b465ee728b)  -> (artifact id: 'f09ac4e5c65301cced6bfbd7cc628a73') in 0.017966 seconds 
========================================================================
Received Import Request.
  Time since last request: 0.000026 seconds.
  path: Assets/Pixel Adventure 1/Assets/Terrain/Terrain (16x16)_23.asset
  artifactKey: Guid(061f07c1539a908428402b5b03325e67) Importer(815301076,1909f56bfc062723c751e8b465ee728b)
Start importing Assets/Pixel Adventure 1/Assets/Terrain/Terrain (16x16)_23.asset using Guid(061f07c1539a908428402b5b03325e67) Importer(815301076,1909f56bfc062723c751e8b465ee728b)  -> (artifact id: '544ecb635c0c16e5a33cc2960200b747') in 0.022157 seconds 
========================================================================
Received Import Request.
  Time since last request: 0.000039 seconds.
  path: Assets/Pixel Adventure 1/Assets/Terrain/Terrain (16x16)_9.asset
  artifactKey: Guid(224cfcf386d80184397a19cbb8422333) Importer(815301076,1909f56bfc062723c751e8b465ee728b)
Start importing Assets/Pixel Adventure 1/Assets/Terrain/Terrain (16x16)_9.asset using Guid(224cfcf386d80184397a19cbb8422333) Importer(815301076,1909f56bfc062723c751e8b465ee728b)  -> (artifact id: 'f27fc72a56c6b6c2446be6406e91e80c') in 0.027723 seconds 
========================================================================
Received Import Request.
  Time since last request: 0.000037 seconds.
  path: Assets/Pixel Adventure 1/Assets/Terrain/Terrain (16x16)_25.asset
  artifactKey: Guid(c19661693f2e06942af0b9d3a5a08a09) Importer(815301076,1909f56bfc062723c751e8b465ee728b)
Start importing Assets/Pixel Adventure 1/Assets/Terrain/Terrain (16x16)_25.asset using Guid(c19661693f2e06942af0b9d3a5a08a09) Importer(815301076,1909f56bfc062723c751e8b465ee728b)  -> (artifact id: '0c548b9904f0410323b8546988707672') in 0.025480 seconds 
========================================================================
Received Import Request.
  Time since last request: 0.000081 seconds.
  path: Assets/Pixel Adventure 1/Assets/Terrain/Terrain (16x16)_31.asset
  artifactKey: Guid(14a58a1024551ce4889001a9bbddf6b7) Importer(815301076,1909f56bfc062723c751e8b465ee728b)
Start importing Assets/Pixel Adventure 1/Assets/Terrain/Terrain (16x16)_31.asset using Guid(14a58a1024551ce4889001a9bbddf6b7) Importer(815301076,1909f56bfc062723c751e8b465ee728b)  -> (artifact id: 'eb5a8256653a9766ecfe0c673b4da6dd') in 0.029027 seconds 
========================================================================
Received Import Request.
  Time since last request: 0.000031 seconds.
  path: Assets/Pixel Adventure 1/Assets/Terrain/Terrain (16x16)_5.asset
  artifactKey: Guid(24592135de8eddd4eb8cd9c51ffa02f8) Importer(815301076,1909f56bfc062723c751e8b465ee728b)
Start importing Assets/Pixel Adventure 1/Assets/Terrain/Terrain (16x16)_5.asset using Guid(24592135de8eddd4eb8cd9c51ffa02f8) Importer(815301076,1909f56bfc062723c751e8b465ee728b)  -> (artifact id: 'cded7f7da3f01371c039691387c1b90b') in 0.026861 seconds 
========================================================================
Received Import Request.
  Time since last request: 0.000044 seconds.
  path: Assets/Pixel Adventure 1/Assets/Terrain/Terrain (16x16)_21.asset
  artifactKey: Guid(3fee684b7feee904ebe292c8709e7772) Importer(815301076,1909f56bfc062723c751e8b465ee728b)
Start importing Assets/Pixel Adventure 1/Assets/Terrain/Terrain (16x16)_21.asset using Guid(3fee684b7feee904ebe292c8709e7772) Importer(815301076,1909f56bfc062723c751e8b465ee728b)  -> (artifact id: '03ab22fbd87ed394145cb32cead19118') in 0.017721 seconds 
========================================================================
Received Import Request.
  Time since last request: 0.000031 seconds.
  path: Assets/Pixel Adventure 1/Assets/Terrain/Terrain (16x16)_13.asset
  artifactKey: Guid(f04dc2d757be9e246a08ea1e58f8c2db) Importer(815301076,1909f56bfc062723c751e8b465ee728b)
Start importing Assets/Pixel Adventure 1/Assets/Terrain/Terrain (16x16)_13.asset using Guid(f04dc2d757be9e246a08ea1e58f8c2db) Importer(815301076,1909f56bfc062723c751e8b465ee728b)  -> (artifact id: 'abcf087ebbe2373d55318b1f94bb8df9') in 0.024695 seconds 
========================================================================
Received Import Request.
  Time since last request: 0.000029 seconds.
  path: Assets/Pixel Adventure 1/Assets/Terrain/Terrain (16x16)_12.asset
  artifactKey: Guid(0185acc742393ea458bd79254ef53563) Importer(815301076,1909f56bfc062723c751e8b465ee728b)
Start importing Assets/Pixel Adventure 1/Assets/Terrain/Terrain (16x16)_12.asset using Guid(0185acc742393ea458bd79254ef53563) Importer(815301076,1909f56bfc062723c751e8b465ee728b)  -> (artifact id: '23d1a04bd77ed5f129f14a1135406e13') in 0.022320 seconds 
========================================================================
Received Import Request.
  Time since last request: 0.000076 seconds.
  path: Assets/Pixel Adventure 1/Assets/Terrain/Terrain (16x16)_27.asset
  artifactKey: Guid(61b7ef02fc56f1b4f9e2abb4bebcbbd6) Importer(815301076,1909f56bfc062723c751e8b465ee728b)
Start importing Assets/Pixel Adventure 1/Assets/Terrain/Terrain (16x16)_27.asset using Guid(61b7ef02fc56f1b4f9e2abb4bebcbbd6) Importer(815301076,1909f56bfc062723c751e8b465ee728b)  -> (artifact id: 'b24980535cd8b9ccf2e9f492839980ee') in 0.023904 seconds 
Editor requested this worker to shutdown with reason: Scaling down because of idle timeout
AssetImportWorker is now disconnected from the server
Process exiting
Exiting without the bug reporter. Application will terminate with return code 0